[Mon Mar 14 19:28:02 2022] [notice] Digest: generating secret for digest authentication ...
[Mon Mar 14 19:28:02 2022] [notice] Digest: done
[Mon Mar 14 19:28:02 2022] [notice] FastCGI: process manager initialized (pid 81328)
[Mon Mar 14 19:28:02 2022] [notice] Apache/2.2.34 (Unix) mod_wsgi/3.5 Python/2.7.13 PHP/7.4.2 mod_ssl/2.2.34 OpenSSL/1.0.2o DAV/2 mod_fastcgi/mod_fastcgi-SNAP-0910052141 mod_perl/2.0.11 Perl/v5.24.0 configured -- resuming normal operations
[Mon Mar 14 20:25:10 2022] [notice] caught SIGTERM, shutting down
[Thu Mar 17 22:04:57 2022] [notice] Digest: generating secret for digest authentication ...
[Thu Mar 17 22:04:57 2022] [notice] Digest: done
[Thu Mar 17 22:04:57 2022] [notice] FastCGI: process manager initialized (pid 1818)
[Thu Mar 17 22:04:57 2022] [notice] Apache/2.2.34 (Unix) mod_wsgi/3.5 Python/2.7.13 PHP/7.4.2 mod_ssl/2.2.34 OpenSSL/1.0.2o DAV/2 mod_fastcgi/mod_fastcgi-SNAP-0910052141 mod_perl/2.0.11 Perl/v5.24.0 configured -- resuming normal operations
[Thu Mar 17 23:08:33 2022] [notice] caught SIGTERM, shutting down
[Fri Mar 18 06:22:10 2022] [notice] Digest: generating secret for digest authentication ...
[Fri Mar 18 06:22:10 2022] [notice] Digest: done
[Fri Mar 18 06:22:10 2022] [notice] FastCGI: process manager initialized (pid 10960)
[Fri Mar 18 06:22:10 2022] [notice] Apache/2.2.34 (Unix) mod_wsgi/3.5 Python/2.7.13 PHP/7.4.2 mod_ssl/2.2.34 OpenSSL/1.0.2o DAV/2 mod_fastcgi/mod_fastcgi-SNAP-0910052141 mod_perl/2.0.11 Perl/v5.24.0 configured -- resuming normal operations
[Mon Mar 21 22:47:35 2022] [notice] caught SIGTERM, shutting down
[Wed Oct 05 19:49:12 2022] [notice] Digest: generating secret for digest authentication ...
[Wed Oct 05 19:49:12 2022] [notice] Digest: done
[Wed Oct 05 19:49:12 2022] [notice] FastCGI: process manager initialized (pid 24040)
[Wed Oct 05 19:49:12 2022] [notice] Apache/2.2.34 (Unix) mod_wsgi/3.5 Python/2.7.13 PHP/7.4.2 mod_ssl/2.2.34 OpenSSL/1.0.2o DAV/2 mod_fastcgi/mod_fastcgi-SNAP-0910052141 mod_perl/2.0.11 Perl/v5.24.0 configured -- resuming normal operations
[Fri Oct 07 19:16:00 2022] [notice] caught SIGTERM, shutting down
[Fri Oct 07 19:20:18 2022] [notice] Digest: generating secret for digest authentication ...
[Fri Oct 07 19:20:18 2022] [notice] Digest: done
[Fri Oct 07 19:20:18 2022] [notice] FastCGI: process manager initialized (pid 63814)
[Fri Oct 07 19:20:18 2022] [notice] Apache/2.2.34 (Unix) mod_wsgi/3.5 Python/2.7.13 PHP/7.4.2 mod_ssl/2.2.34 OpenSSL/1.0.2o DAV/2 mod_fastcgi/mod_fastcgi-SNAP-0910052141 mod_perl/2.0.11 Perl/v5.24.0 configured -- resuming normal operations
[Sat Oct 08 14:34:38 2022] [notice] caught SIGTERM, shutting down
